d:\c++projectsgitversions\oof2\x64\release\vc143.pdb
d:\c++projectsgitversions\oof2\x64\release\main.obj
d:\c++projectsgitversions\oof2\x64\release\vbo.obj
d:\c++projectsgitversions\oof2\x64\release\vao.obj
d:\c++projectsgitversions\oof2\x64\release\texture.obj
d:\c++projectsgitversions\oof2\x64\release\stb.obj
d:\c++projectsgitversions\oof2\x64\release\imgui_widgets.obj
d:\c++projectsgitversions\oof2\x64\release\imgui_tables.obj
d:\c++projectsgitversions\oof2\x64\release\imgui_impl_opengl3.obj
d:\c++projectsgitversions\oof2\x64\release\imgui_impl_glfw.obj
d:\c++projectsgitversions\oof2\x64\release\imgui_draw.obj
d:\c++projectsgitversions\oof2\x64\release\imgui_demo.obj
d:\c++projectsgitversions\oof2\x64\release\imgui.obj
d:\c++projectsgitversions\oof2\x64\release\shaderclass.obj
d:\c++projectsgitversions\oof2\x64\release\ebo.obj
d:\c++projectsgitversions\oof2\x64\release\handymaths.obj
d:\c++projectsgitversions\oof2\x64\release\allocationmetricstracker.obj
d:\c++projectsgitversions\oof2\x64\release\setupglfw.obj
d:\c++projectsgitversions\oof2\x64\release\rectangle.obj
d:\c++projectsgitversions\oof2\x64\release\phc.obj
d:\c++projectsgitversions\oof2\x64\release\gameobject.obj
d:\c++projectsgitversions\oof2\x64\release\glad.obj
d:\c++projectsgitversions\oof2\x64\release\oof2.exe
d:\c++projectsgitversions\oof2\x64\release\oof2.pdb
d:\c++projectsgitversions\oof2\x64\release\oof2.ipdb
d:\c++projectsgitversions\oof2\x64\release\oof2.iobj
d:\c++projectsgitversions\oof2\x64\release\oof2.tlog\cl.command.1.tlog
d:\c++projectsgitversions\oof2\x64\release\oof2.tlog\cl.read.1.tlog
d:\c++projectsgitversions\oof2\x64\release\oof2.tlog\cl.write.1.tlog
d:\c++projectsgitversions\oof2\x64\release\oof2.tlog\link.command.1.tlog
d:\c++projectsgitversions\oof2\x64\release\oof2.tlog\link.read.1.tlog
d:\c++projectsgitversions\oof2\x64\release\oof2.tlog\link.write.1.tlog
d:\c++projectsgitversions\oof2\x64\release\oof2.tlog\oof2.write.1u.tlog
