d:\c++projectsgitversions\oof2\x64\debug\vc143.pdb
d:\c++projectsgitversions\oof2\x64\debug\vc143.idb
d:\c++projectsgitversions\oof2\x64\debug\vbo.obj
d:\c++projectsgitversions\oof2\x64\debug\vao.obj
d:\c++projectsgitversions\oof2\x64\debug\texture.obj
d:\c++projectsgitversions\oof2\x64\debug\stb.obj
d:\c++projectsgitversions\oof2\x64\debug\imgui_widgets.obj
d:\c++projectsgitversions\oof2\x64\debug\imgui_tables.obj
d:\c++projectsgitversions\oof2\x64\debug\imgui_impl_opengl3.obj
d:\c++projectsgitversions\oof2\x64\debug\imgui_impl_glfw.obj
d:\c++projectsgitversions\oof2\x64\debug\imgui_draw.obj
d:\c++projectsgitversions\oof2\x64\debug\imgui_demo.obj
d:\c++projectsgitversions\oof2\x64\debug\imgui.obj
d:\c++projectsgitversions\oof2\x64\debug\shaderclass.obj
d:\c++projectsgitversions\oof2\x64\debug\ebo.obj
d:\c++projectsgitversions\oof2\x64\debug\handymaths.obj
d:\c++projectsgitversions\oof2\x64\debug\allocationmetricstracker.obj
d:\c++projectsgitversions\oof2\x64\debug\setupglfw.obj
d:\c++projectsgitversions\oof2\x64\debug\rectangle.obj
d:\c++projectsgitversions\oof2\x64\debug\pch.obj
d:\c++projectsgitversions\oof2\x64\debug\gameobject.obj
d:\c++projectsgitversions\oof2\x64\debug\oof2.obj
d:\c++projectsgitversions\oof2\x64\debug\main.obj
d:\c++projectsgitversions\oof2\x64\debug\glad.obj
d:\c++projectsgitversions\oof2\x64\debug\oof2.exe
d:\c++projectsgitversions\oof2\x64\debug\oof2.ilk
d:\c++projectsgitversions\oof2\x64\debug\oof2.pdb
d:\c++projectsgitversions\oof2\x64\debug\oof2.tlog\cl.command.1.tlog
d:\c++projectsgitversions\oof2\x64\debug\oof2.tlog\cl.read.1.tlog
d:\c++projectsgitversions\oof2\x64\debug\oof2.tlog\cl.write.1.tlog
d:\c++projectsgitversions\oof2\x64\debug\oof2.tlog\link.command.1.tlog
d:\c++projectsgitversions\oof2\x64\debug\oof2.tlog\link.read.1.tlog
d:\c++projectsgitversions\oof2\x64\debug\oof2.tlog\link.write.1.tlog
