  OOF2.cpp
  GameObject.cpp
  pch.cpp
  Rectangle.cpp
  SetUpGlfw.cpp
  AllocationMetricsTracker.cpp
  HandyMaths.cpp
  EBO.cpp
  shaderClass.cpp
  imgui.cpp
  imgui_demo.cpp
  imgui_draw.cpp
  imgui_impl_glfw.cpp
  imgui_impl_opengl3.cpp
  imgui_tables.cpp
  imgui_widgets.cpp
  stb.cpp
  Texture.cpp
  VAO.cpp
  VBO.cpp
  Generating Code...
  Compiling...
  Main.cpp
  Generating Code...
  glad.c
LINK : warning LNK4098: defaultlib 'MSVCRT' conflicts with use of other libs; use /NODEFAULTLIB:library
  OOF2.vcxproj -> D:\C++ProjectsGitVersions\OOF2\x64\Debug\OOF2.exe
